<?xml version="1.0" encoding="UTF-8"?>
<!-- Generated by org.testng.reporters.JUnitXMLReporter -->
<testsuite ignored="0" hostname="ZSCHN01LP0174" failures="0" tests="1" name="ModuleTest" time="0.043" errors="0" timestamp="2024-02-02T12:49:15 IST">
  <testcase classname="testScripts.LoginPageParameterizedTest" name="@BeforeMethod setup" time="-1.706858355168E9">
    <failure type="org.testng.TestNGException" message="
Can inject only one of &amp;lt;ITestContext, XmlTest, Method, Object[], ITestResult&amp;gt; into a @BeforeMethod annotated setup.
For more information on native dependency injection please refer to https://testng.org/doc/documentation-main.html#native-dependency-injection">
      <![CDATA[org.testng.TestNGException: 
Can inject only one of <ITestContext, XmlTest, Method, Object[], ITestResult> into a @BeforeMethod annotated setup.
For more information on native dependency injection please refer to https://testng.org/doc/documentation-main.html#native-dependency-injection
at java.base/java.util.ArrayList.forEach(ArrayList.java:1511)
... Removed 28 stack frames]]>
    </failure>
  </testcase> <!-- @BeforeMethod setup -->
  <testcase classname="testScripts.LoginPageParameterizedTest" name="@AfterMethod teardown" time="-1.706858355181E9">
    <skipped/>
  </testcase> <!-- @AfterMethod teardown -->
  <testcase classname="testScripts.LoginPageParameterizedTest" name="parameterizedTest" time="0.0">
    <skipped/>
  </testcase> <!-- parameterizedTest -->
</testsuite> <!-- ModuleTest -->
