<?xml version="1.0" encoding="UTF-8"?>
<!-- Generated by org.testng.reporters.JUnitXMLReporter -->
<testsuite ignored="0" hostname="ZSCHN01LP0174" failures="0" tests="4" name="ModuleOneTest" time="12.426" errors="0" timestamp="2024-02-14T15:08:32 IST">
  <testcase classname="parallelScripts.SampleOneTest" name="testFour" time="3.739"/>
  <testcase classname="parallelScripts.SampleOneTest" name="testOne" time="2.7"/>
  <testcase classname="parallelScripts.SampleOneTest" name="testThree" time="2.967"/>
  <testcase classname="parallelScripts.SampleOneTest" name="testTwo" time="2.952"/>
</testsuite> <!-- ModuleOneTest -->
