<?xml version="1.0" encoding="UTF-8"?>
<!-- Generated by org.testng.reporters.JUnitXMLReporter -->
<testsuite ignored="0" hostname="ZSCHN01LP0174" failures="0" tests="8" name="ModuleOneTest" time="18.122" errors="0" timestamp="2024-02-02T15:11:56 IST">
  <testcase classname="parallelScripts.SampleOneTest" name="testFour" time="5.678"/>
  <testcase classname="parallelScripts.SampleTwoTest" name="testFour" time="5.84"/>
  <testcase classname="parallelScripts.SampleOneTest" name="testOne" time="3.915"/>
  <testcase classname="parallelScripts.SampleTwoTest" name="testOne" time="4.644"/>
  <testcase classname="parallelScripts.SampleOneTest" name="testThree" time="3.477"/>
  <testcase classname="parallelScripts.SampleTwoTest" name="testThree" time="3.248"/>
  <testcase classname="parallelScripts.SampleOneTest" name="testTwo" time="4.624"/>
  <testcase classname="parallelScripts.SampleTwoTest" name="testTwo" time="4.336"/>
</testsuite> <!-- ModuleOneTest -->
