<?xml version="1.0" encoding="UTF-8"?>
<testng-results ignored="0" total="1" passed="1" failed="0" skipped="0">
  <reporter-output>
  </reporter-output>
  <suite started-at="2024-02-12T14:59:31 IST" name="Default suite" finished-at="2024-02-12T14:59:32 IST" duration-ms="339">
    <groups>
    </groups>
    <test started-at="2024-02-12T14:59:31 IST" name="Default test" finished-at="2024-02-12T14:59:32 IST" duration-ms="339">
      <class name="testScripts.DbEmployeeTest">
        <test-method is-config="true" signature="setUp()[pri:0, instance:testScripts.DbEmployeeTest@49049a04]" started-at="2024-02-12T14:59:31 IST" name="setUp" finished-at="2024-02-12T14:59:32 IST" duration-ms="302" status="PASS">
          <reporter-output>
          </reporter-output>
        </test-method> <!-- setUp -->
        <test-method signature="dbTest()[pri:0, instance:testScripts.DbEmployeeTest@49049a04]" started-at="2024-02-12T14:59:32 IST" name="dbTest" finished-at="2024-02-12T14:59:32 IST" duration-ms="10" status="PASS">
          <reporter-output>
          </reporter-output>
        </test-method> <!-- dbTest -->
        <test-method is-config="true" signature="tearDown()[pri:0, instance:testScripts.DbEmployeeTest@49049a04]" started-at="2024-02-12T14:59:32 IST" name="tearDown" finished-at="2024-02-12T14:59:32 IST" duration-ms="0" status="PASS">
          <reporter-output>
          </reporter-output>
        </test-method> <!-- tearDown -->
      </class> <!-- testScripts.DbEmployeeTest -->
    </test> <!-- Default test -->
  </suite> <!-- Default suite -->
</testng-results>
