<?xml version="1.0" encoding="UTF-8"?>
<testng-results ignored="0" total="4" passed="4" failed="0" skipped="0">
  <reporter-output>
  </reporter-output>
  <suite started-at="2024-02-14T15:08:19 IST" name="SampleSuite" finished-at="2024-02-14T15:08:32 IST" duration-ms="12426">
    <groups>
    </groups>
    <test started-at="2024-02-14T15:08:19 IST" name="ModuleOneTest" finished-at="2024-02-14T15:08:32 IST" duration-ms="12426">
      <class name="parallelScripts.SampleOneTest">
        <test-method signature="testFour()[pri:0, instance:parallelScripts.SampleOneTest@3b6ddd1d]" started-at="2024-02-14T15:08:19 IST" name="testFour" finished-at="2024-02-14T15:08:23 IST" duration-ms="3739" status="PASS">
          <reporter-output>
          </reporter-output>
        </test-method> <!-- testFour -->
        <test-method signature="testOne()[pri:0, instance:parallelScripts.SampleOneTest@3b6ddd1d]" started-at="2024-02-14T15:08:23 IST" name="testOne" finished-at="2024-02-14T15:08:26 IST" duration-ms="2700" status="PASS">
          <reporter-output>
          </reporter-output>
        </test-method> <!-- testOne -->
        <test-method signature="testThree()[pri:0, instance:parallelScripts.SampleOneTest@3b6ddd1d]" started-at="2024-02-14T15:08:26 IST" name="testThree" finished-at="2024-02-14T15:08:29 IST" duration-ms="2967" status="PASS">
          <reporter-output>
          </reporter-output>
        </test-method> <!-- testThree -->
        <test-method signature="testTwo()[pri:0, instance:parallelScripts.SampleOneTest@3b6ddd1d]" started-at="2024-02-14T15:08:29 IST" name="testTwo" finished-at="2024-02-14T15:08:32 IST" duration-ms="2952" status="PASS">
          <reporter-output>
          </reporter-output>
        </test-method> <!-- testTwo -->
      </class> <!-- parallelScripts.SampleOneTest -->
    </test> <!-- ModuleOneTest -->
  </suite> <!-- SampleSuite -->
</testng-results>
